[0mGET /litable/display?page=1 [36m304[0m 76.156 ms - -[0m
[0mGET /litable/display?page=1 [36m304[0m 47.938 ms - -[0m
[0mGET /litable/display?page=1 [36m304[0m 55.943 ms - -[0m
[0mGET /litable/display?page=1 [36m304[0m 50.317 ms - -[0m
[0mGET /litable/display?page=1 [36m304[0m 46.360 ms - -[0m
[0mGET /litable/display?page=1 [36m304[0m 46.435 ms - -[0m
[0mOPTIONS /litable/post [32m200[0m 1.064 ms - 4[0m
[0mPOST /litable/post [32m201[0m 42.957 ms - 99[0m
[0mGET /litable/display?page=1 [32m200[0m 55.063 ms - 412[0m
[0mGET /litable/display?page=1 [36m304[0m 46.237 ms - -[0m
[0mGET /litable/display?page=1 [36m304[0m 46.634 ms - -[0m
[0mGET /litable/display?page=1 [36m304[0m 46.610 ms - -[0m
[0mGET /litable/display?page=1 [36m304[0m 50.541 ms - -[0m
[0mGET /litable/display?page=1 [36m304[0m 53.708 ms - -[0m
[0mGET /litable/display?page=1 [36m304[0m 153.732 ms - -[0m
[0mGET /litable/display?page=1 [36m304[0m 111.352 ms - -[0m
[0mGET /litable/display?page=1 [36m304[0m 169.424 ms - -[0m
[0mGET /litable/display?page=1 [36m304[0m 169.704 ms - -[0m
[0mGET /litable/display?page=1 [36m304[0m 178.428 ms - -[0m
[0mGET /litable/display?page=1 [36m304[0m 158.625 ms - -[0m
[0mGET /litable/display?page=1 [36m304[0m 676.748 ms - -[0m
[0mGET /litable/display?page=1 [36m304[0m 176.097 ms - -[0m
[0mGET /litable/display?page=1 [36m304[0m 179.631 ms - -[0m
[0mGET /litable/display?page=1 [36m304[0m 176.339 ms - -[0m
[0mGET /litable/display?page=1 [36m304[0m 177.605 ms - -[0m
[0mGET /litable/display?page=1 [36m304[0m 175.735 ms - -[0m
[0mGET /litable/display?page=1 [36m304[0m 948.690 ms - -[0m
[0mGET /litable/display?page=1 [36m304[0m 171.324 ms - -[0m
[0mGET /litable/display?page=1 [36m304[0m 176.091 ms - -[0m
[0mGET /litable/display?page=1 [36m304[0m 174.809 ms - -[0m
[0mGET /litable/display?page=1 [36m304[0m 45.348 ms - -[0m
[0mGET /litable/display?page=1 [36m304[0m 85.980 ms - -[0m
[0mGET /litable/display?page=1 [36m304[0m 370.654 ms - -[0m
[0mGET /litable/display?page=1 [36m304[0m 88.354 ms - -[0m
[0mGET /litable/display?page=1 [36m304[0m 64.103 ms - -[0m
[0mGET /litable/display?page=1 [36m304[0m 83.975 ms - -[0m
[0mGET /litable/display?page=1 [36m304[0m 69.534 ms - -[0m
[0mGET /litable/display?page=1 [36m304[0m 72.882 ms - -[0m
[0mGET /litable/display?page=1 [36m304[0m 60.732 ms - -[0m
[0mGET /litable/display?page=1 [36m304[0m 66.513 ms - -[0m
[0mGET /litable/display?page=1 [36m304[0m 64.820 ms - -[0m
[0mGET /litable/display?page=1 [36m304[0m 60.748 ms - -[0m
[0mGET /litable/display?page=1 [36m304[0m 225.163 ms - -[0m
[0mGET /litable/display?page=1 [36m304[0m 70.794 ms - -[0m
[0mGET /litable/display?page=1 [36m304[0m 65.199 ms - -[0m
[0mGET /litable/display?page=1 [36m304[0m 60.118 ms - -[0m
[0mGET /litable/display?page=1 [36m304[0m 62.516 ms - -[0m
[0mGET /litable/display?page=1 [36m304[0m 58.686 ms - -[0m
[0mGET /litable/display?page=1 [36m304[0m 68.336 ms - -[0m
[0mGET /litable/display?page=1 [36m304[0m 207.208 ms - -[0m
[0mGET /litable/display?page=1 [36m304[0m 67.599 ms - -[0m
[0mGET /litable/display?page=1 [36m304[0m 81.184 ms - -[0m
[0mGET /litable/display?page=1 [36m304[0m 64.678 ms - -[0m
[0mGET /litable/display?page=1 [36m304[0m 78.933 ms - -[0m
[0mGET /litable/display?page=1 [36m304[0m 77.063 ms - -[0m
[0mGET /litable/display?page=1 [33m422[0m 167693.923 ms - 44[0m
[0mGET /litable/display?page=1 [33m422[0m 30001.643 ms - 44[0m
[0mGET /litable/display?page=1 [33m422[0m 30003.447 ms - 44[0m
[0mGET /litable/display?page=1 [33m422[0m 30003.370 ms - 44[0m
[0mGET /litable/display?page=1 [32m200[0m 146.624 ms - 412[0m
[0mGET /litable/display?page=1 [36m304[0m 100.159 ms - -[0m
[0mGET /litable/display?page=1 [36m304[0m 81.858 ms - -[0m
[0mGET /litable/display?page=1 [36m304[0m 109.282 ms - -[0m
[0mGET /litable/display?page=1 [36m304[0m 62.359 ms - -[0m
[0mGET /litable/display?page=1 [36m304[0m 71.629 ms - -[0m
[0mGET /litable/display?page=1 [36m304[0m 47.506 ms - -[0m
[0mGET /litable/display?page=1 [36m304[0m 45.969 ms - -[0m
[0mGET /litable/display?page=1 [36m304[0m 52.789 ms - -[0m
[0mGET /litable/display?page=1 [36m304[0m 59.642 ms - -[0m
[0mGET /litable/display?page=1 [36m304[0m 58.296 ms - -[0m
[0mGET /litable/display?page=1 [36m304[0m 47.000 ms - -[0m
[0mGET /litable/display?page=1 [36m304[0m 57.039 ms - -[0m
[0mGET /litable/display?page=1 [36m304[0m 86.836 ms - -[0m
[0mGET /litable/display?page=1 [36m304[0m 52.641 ms - -[0m
[0mGET /litable/display?page=1 [36m304[0m 49.428 ms - -[0m
[0mGET /litable/display?page=1 [36m304[0m 47.342 ms - -[0m
[0mGET /litable/display?page=1 [36m304[0m 51.841 ms - -[0m
[0mGET /litable/display?page=1 [36m304[0m 48.802 ms - -[0m
[0mGET /litable/display?page=1 [36m304[0m 194.038 ms - -[0m
[0mGET /litable/display?page=1 [36m304[0m 60.874 ms - -[0m
[0mGET /litable/display?page=1 [36m304[0m 51.056 ms - -[0m
[0mGET /litable/display?page=1 [36m304[0m 47.154 ms - -[0m
[0mGET /litable/display?page=1 [36m304[0m 69.613 ms - -[0m
[0mGET /litable/display?page=1 [36m304[0m 69.211 ms - -[0m
[0mGET /litable/display?page=1 [36m304[0m 56.345 ms - -[0m
[0mGET /litable/display?page=1 [36m304[0m 53.915 ms - -[0m
[0mGET /litable/display?page=1 [36m304[0m 57.363 ms - -[0m
[0mGET /litable/display?page=1 [36m304[0m 49.739 ms - -[0m
[0mGET /litable/display?page=1 [36m304[0m 59.105 ms - -[0m
[0mGET /litable/display?page=1 [36m304[0m 46.136 ms - -[0m
[0mGET /litable/display?page=1 [36m304[0m 57.606 ms - -[0m
[0mGET /litable/display?page=1 [36m304[0m 57.744 ms - -[0m
[0mGET /litable/display?page=1 [36m304[0m 47.901 ms - -[0m
[0mGET /litable/display?page=1 [36m304[0m 46.790 ms - -[0m
[0mGET /litable/display?page=1 [36m304[0m 47.002 ms - -[0m
[0mGET /litable/display?page=1 [36m304[0m 51.948 ms - -[0m
[0mGET /litable/display?page=1 [36m304[0m 46.464 ms - -[0m
[0mGET /litable/display?page=1 [36m304[0m 49.400 ms - -[0m
[0mGET /litable/display?page=1 [36m304[0m 50.233 ms - -[0m
[0mGET /litable/display?page=1 [36m304[0m 49.595 ms - -[0m
[0mGET /litable/display?page=1 [36m304[0m 45.574 ms - -[0m
[0mGET /litable/display?page=1 [36m304[0m 46.230 ms - -[0m
[0mGET /litable/display?page=1 [36m304[0m 46.586 ms - -[0m
[0mGET /litable/display?page=1 [36m304[0m 49.155 ms - -[0m
[0mGET /litable/display?page=1 [36m304[0m 48.764 ms - -[0m
[0mGET /litable/display?page=1 [36m304[0m 45.806 ms - -[0m
[0mGET /litable/display?page=1 [36m304[0m 46.270 ms - -[0m
[0mGET /litable/display?page=1 [36m304[0m 58.259 ms - -[0m
[0mGET /litable/display?page=1 [36m304[0m 65.169 ms - -[0m
[0mGET /litable/display?page=1 [36m304[0m 144.686 ms - -[0m
[0mGET /litable/display?page=1 [36m304[0m 50.742 ms - -[0m
[0mGET /litable/display?page=1 [36m304[0m 57.202 ms - -[0m
[0mGET /litable/display?page=1 [36m304[0m 50.564 ms - -[0m
[0mGET /litable/display?page=1 [36m304[0m 46.414 ms - -[0m
[0mGET /litable/display?page=1 [36m304[0m 44.865 ms - -[0m
[0mGET /litable/display?page=1 [36m304[0m 52.559 ms - -[0m
[0mGET /litable/display?page=1 [36m304[0m 45.312 ms - -[0m
[0mGET /litable/display?page=1 [36m304[0m 53.647 ms - -[0m
[0mGET /litable/display?page=1 [36m304[0m 52.375 ms - -[0m
[0mGET /litable/display?page=1 [36m304[0m 53.507 ms - -[0m
[0mGET /litable/display?page=1 [36m304[0m 50.056 ms - -[0m
[0mGET /litable/display?page=1 [36m304[0m 163.706 ms - -[0m
[0mGET /litable/display?page=1 [36m304[0m 122.570 ms - -[0m
[0mGET /litable/display?page=1 [36m304[0m 124.589 ms - -[0m
[0mGET /litable/display?page=1 [36m304[0m 133.825 ms - -[0m
[0mGET /litable/display?page=1 [36m304[0m 673.336 ms - -[0m
[0mGET /litable/display?page=1 [36m304[0m 507.582 ms - -[0m
[0mGET /litable/display?page=1 [36m304[0m 148.400 ms - -[0m
[0mGET /litable/display?page=1 [36m304[0m 333.863 ms - -[0m
[0mGET /litable/display?page=1 [36m304[0m 179.675 ms - -[0m
[0mGET /litable/display?page=1 [36m304[0m 179.229 ms - -[0m
[0mGET /litable/display?page=1 [36m304[0m 159.361 ms - -[0m
[0mGET /litable/display?page=1 [36m304[0m 218.843 ms - -[0m
[0mGET /litable/display?page=1 [36m304[0m 236.210 ms - -[0m
[0mGET /litable/display?page=1 [36m304[0m 473.083 ms - -[0m
[0mGET /litable/display?page=1 [36m304[0m 230.830 ms - -[0m
[0mGET /litable/display?page=1 [36m304[0m 262.008 ms - -[0m
[0mGET /litable/display?page=1 [36m304[0m 212.982 ms - -[0m
[0mGET /litable/display?page=1 [36m304[0m 342.021 ms - -[0m
[0mGET /litable/display?page=1 [36m304[0m 134.279 ms - -[0m
[0mGET /litable/display?page=1 [36m304[0m 100.962 ms - -[0m
[0mGET /litable/display?page=1 [36m304[0m 126.431 ms - -[0m
[0mGET /litable/display?page=1 [36m304[0m 104.444 ms - -[0m
[0mGET /litable/display?page=1 [36m304[0m 133.543 ms - -[0m
[0mGET /litable/display?page=1 [36m304[0m 110.156 ms - -[0m
[0mGET /litable/display?page=1 [36m304[0m 436.327 ms - -[0m
[0mGET /litable/display?page=1 [36m304[0m 84.742 ms - -[0m
[0mGET /litable/display?page=1 [36m304[0m 172.477 ms - -[0m
[0mGET /litable/display?page=1 [36m304[0m 213.867 ms - -[0m
[0mGET /litable/display?page=1 [36m304[0m 198.932 ms - -[0m
[0mGET /litable/display?page=1 [36m304[0m 107.859 ms - -[0m
[0mGET /litable/display?page=1 [36m304[0m 121.876 ms - -[0m
[0mGET /litable/display?page=1 [36m304[0m 134.212 ms - -[0m
[0mGET /litable/display?page=1 [36m304[0m 100.420 ms - -[0m
[0mGET /litable/display?page=1 [36m304[0m 95.294 ms - -[0m
[0mGET /litable/display?page=1 [36m304[0m 368.337 ms - -[0m
[0mGET /litable/display?page=1 [36m304[0m 165.286 ms - -[0m
[0mGET /litable/display?page=1 [36m304[0m 107.782 ms - -[0m
[0mGET /litable/display?page=1 [36m304[0m 117.836 ms - -[0m
[0mGET /litable/display?page=1 [36m304[0m 164.410 ms - -[0m
[0mGET /litable/display?page=1 [36m304[0m 146.665 ms - -[0m
[0mGET /litable/display?page=1 [36m304[0m 128.998 ms - -[0m
[0mGET /litable/display?page=1 [36m304[0m 136.464 ms - -[0m
[0mGET /litable/display?page=1 [36m304[0m 90.415 ms - -[0m
[0mGET /litable/display?page=1 [36m304[0m 123.343 ms - -[0m
[0mGET /litable/display?page=1 [36m304[0m 373.399 ms - -[0m
[0mGET /litable/display?page=1 [36m304[0m 166.238 ms - -[0m
[0mGET /litable/display?page=1 [36m304[0m 164.503 ms - -[0m
[0mGET /litable/display?page=1 [36m304[0m 191.529 ms - -[0m
[0mGET /litable/display?page=1 [36m304[0m 387.837 ms - -[0m
[0mGET /litable/display?page=1 [36m304[0m 159.253 ms - -[0m
[0mGET /litable/display?page=1 [36m304[0m 667.291 ms - -[0m
[0mGET /litable/display?page=1 [36m304[0m 141.386 ms - -[0m
[0mGET /litable/display?page=1 [36m304[0m 120.961 ms - -[0m
[0mGET /litable/display?page=1 [36m304[0m 521.483 ms - -[0m
[0mGET /litable/display?page=1 [36m304[0m 96.053 ms - -[0m
[0mGET /litable/display?page=1 [36m304[0m 78.009 ms - -[0m
[0mGET /litable/display?page=1 [36m304[0m 87.730 ms - -[0m
[0mGET /litable/display?page=1 [36m304[0m 109.958 ms - -[0m
[0mGET /litable/display?page=1 [36m304[0m 130.711 ms - -[0m
[0mGET /litable/display?page=1 [36m304[0m 110.362 ms - -[0m
[0mGET /litable/display?page=1 [36m304[0m 135.833 ms - -[0m
[0mGET /litable/display?page=1 [36m304[0m 155.240 ms - -[0m
[0mGET /litable/display?page=1 [36m304[0m 118.509 ms - -[0m
[0mGET /litable/display?page=1 [36m304[0m 86.468 ms - -[0m
[0mGET /litable/display?page=1 [36m304[0m 110.622 ms - -[0m
[0mGET /litable/display?page=1 [36m304[0m 202.387 ms - -[0m
[0mGET /litable/display?page=1 [36m304[0m 112.257 ms - -[0m
[0mGET /litable/display?page=1 [36m304[0m 114.197 ms - -[0m
[0mGET /litable/display?page=1 [36m304[0m 91.697 ms - -[0m
[0mGET /litable/display?page=1 [36m304[0m 62.999 ms - -[0m
[0mGET /litable/display?page=1 [36m304[0m 58.043 ms - -[0m
[0mGET /litable/display?page=1 [36m304[0m 73.315 ms - -[0m
[0mGET /litable/display?page=1 [36m304[0m 87.366 ms - -[0m
[0mGET /litable/display?page=1 [36m304[0m 95.075 ms - -[0m
[0mGET /litable/display?page=1 [36m304[0m 81.222 ms - -[0m
[0mGET /litable/display?page=1 [36m304[0m 85.758 ms - -[0m
[0mGET /litable/display?page=1 [36m304[0m 102.851 ms - -[0m
[0mGET /litable/display?page=1 [36m304[0m 71.564 ms - -[0m
[0mGET /litable/display?page=1 [36m304[0m 71.363 ms - -[0m
[0mGET /litable/display?page=1 [36m304[0m 75.450 ms - -[0m
[0mGET /litable/display?page=1 [36m304[0m 69.273 ms - -[0m
[0mGET /litable/display?page=1 [36m304[0m 72.924 ms - -[0m
[0mGET /litable/display?page=1 [36m304[0m 98.040 ms - -[0m
[0mGET /litable/display?page=1 [36m304[0m 92.765 ms - -[0m
[0mGET /litable/display?page=1 [36m304[0m 64.662 ms - -[0m
[0mGET /litable/display?page=1 [36m304[0m 96.782 ms - -[0m
[0mGET /litable/display?page=1 [36m304[0m 96.288 ms - -[0m
[0mGET /litable/display?page=1 [36m304[0m 96.300 ms - -[0m
[0mGET /litable/display?page=1 [36m304[0m 81.970 ms - -[0m
[0mGET /litable/display?page=1 [36m304[0m 149.148 ms - -[0m
[0mGET /litable/display?page=1 [36m304[0m 88.420 ms - -[0m
[0mGET /litable/display?page=1 [36m304[0m 185.996 ms - -[0m
[0mGET /litable/display?page=1 [36m304[0m 64.448 ms - -[0m
[0mGET /litable/display?page=1 [36m304[0m 53.002 ms - -[0m
[0mGET /litable/display?page=1 [36m304[0m 101.198 ms - -[0m
[0mGET /litable/display?page=1 [36m304[0m 106.680 ms - -[0m
[0mGET /litable/display?page=1 [36m304[0m 177.712 ms - -[0m
[0mGET /litable/display?page=1 [36m304[0m 105.385 ms - -[0m
[0mGET /litable/display?page=1 [36m304[0m 115.698 ms - -[0m
[0mGET /litable/display?page=1 [36m304[0m 273.742 ms - -[0m
[0mGET /litable/display?page=1 [36m304[0m 376.118 ms - -[0m
[0mGET /litable/display?page=1 [36m304[0m 451.312 ms - -[0m
[0mGET /litable/display?page=1 [36m304[0m 81.305 ms - -[0m
[0mGET /litable/display?page=1 [36m304[0m 174.811 ms - -[0m
[0mGET /litable/display?page=1 [36m304[0m 151.410 ms - -[0m
[0mGET /litable/display?page=1 [36m304[0m 106.995 ms - -[0m
[0mGET /litable/display?page=1 [36m304[0m 123.238 ms - -[0m
[0mGET /litable/display?page=1 [36m304[0m 123.789 ms - -[0m
[0mGET /litable/display?page=1 [36m304[0m 143.723 ms - -[0m
[0mGET /litable/display?page=1 [36m304[0m 162.246 ms - -[0m
[0mGET /litable/display?page=1 [36m304[0m 83.956 ms - -[0m
[0mGET /litable/display?page=1 [36m304[0m 133.615 ms - -[0m
[0mGET /litable/display?page=1 [36m304[0m 581.249 ms - -[0m
[0mGET /litable/display?page=1 [36m304[0m 107.643 ms - -[0m
[0mGET /litable/display?page=1 [36m304[0m 141.276 ms - -[0m
[0mGET /litable/display?page=1 [36m304[0m 141.249 ms - -[0m
[0mGET /litable/display?page=1 [36m304[0m 490.516 ms - -[0m
[0mGET /litable/display?page=1 [36m304[0m 141.539 ms - -[0m
[0mGET /litable/display?page=1 [36m304[0m 155.079 ms - -[0m
[0mGET /litable/display?page=1 [36m304[0m 153.074 ms - -[0m
[0mGET /litable/display?page=1 [36m304[0m 112.528 ms - -[0m
[0mGET /litable/display?page=1 [36m304[0m 97.525 ms - -[0m
[0mGET /litable/display?page=1 [36m304[0m 116.182 ms - -[0m
[0mGET /litable/display?page=1 [36m304[0m 120.151 ms - -[0m
[0mGET /litable/display?page=1 [36m304[0m 122.782 ms - -[0m
[0mGET /litable/display?page=1 [36m304[0m 108.128 ms - -[0m
[0mGET /litable/display?page=1 [36m304[0m 105.379 ms - -[0m
[0mGET /litable/display?page=1 [36m304[0m 127.355 ms - -[0m
[0mGET /litable/display?page=1 [36m304[0m 460.763 ms - -[0m
[0mGET /litable/display?page=1 [36m304[0m 147.343 ms - -[0m
[0mGET /litable/display?page=1 [36m304[0m 121.245 ms - -[0m
[0mGET /litable/display?page=1 [36m304[0m 407.006 ms - -[0m
[0mGET /litable/display?page=1 [36m304[0m 120.173 ms - -[0m
[0mGET /litable/display?page=1 [36m304[0m 96.894 ms - -[0m
[0mGET /litable/display?page=1 [36m304[0m 146.701 ms - -[0m
[0mGET /litable/display?page=1 [36m304[0m 177.751 ms - -[0m
[0mGET /litable/display?page=1 [36m304[0m 1424.407 ms - -[0m
[0mGET /litable/display?page=1 [36m304[0m 108.986 ms - -[0m
[0mGET /litable/display?page=1 [36m304[0m 106.412 ms - -[0m
[0mGET /litable/display?page=1 [36m304[0m 100.985 ms - -[0m
[0mGET /litable/display?page=1 [36m304[0m 119.987 ms - -[0m
[0mGET /litable/display?page=1 [36m304[0m 72.617 ms - -[0m
[0mGET /litable/display?page=1 [36m304[0m 409.783 ms - -[0m
[0mGET /litable/display?page=1 [36m304[0m 67.015 ms - -[0m
[0mGET /litable/display?page=1 [36m304[0m 95.315 ms - -[0m
[0mGET /litable/display?page=1 [36m304[0m 178.030 ms - -[0m
[0mGET /litable/display?page=1 [36m304[0m 98.817 ms - -[0m
[0mGET /litable/display?page=1 [36m304[0m 83.375 ms - -[0m
[0mGET /litable/display?page=1 [36m304[0m 89.674 ms - -[0m
[0mGET /litable/display?page=1 [36m304[0m 407.548 ms - -[0m
[0mGET /litable/display?page=1 [36m304[0m 137.620 ms - -[0m
[0mGET /litable/display?page=1 [36m304[0m 141.139 ms - -[0m
[0mGET /litable/display?page=1 [36m304[0m 405.504 ms - -[0m
[0mGET /litable/display?page=1 [36m304[0m 155.996 ms - -[0m
[0mGET /litable/display?page=1 [36m304[0m 141.644 ms - -[0m
[0mGET /litable/display?page=1 [36m304[0m 102.412 ms - -[0m
[0mGET /litable/display?page=1 [32m200[0m 92.102 ms - 412[0m
[0mGET /litable/display?page=1 [36m304[0m 121.013 ms - -[0m
[0mGET /litable/display?page=1 [36m304[0m 72.331 ms - -[0m
[0mGET /litable/display?page=1 [36m304[0m 81.427 ms - -[0m
[0mGET /litable/display?page=1 [36m304[0m 65.949 ms - -[0m
[0mGET /litable/display?page=1 [36m304[0m 64.394 ms - -[0m
[0mGET /litable/display?page=1 [36m304[0m 73.426 ms - -[0m
[0mOPTIONS /litable/delete?id=6568bf4b10de7f49a0d92cb7 [32m200[0m 4.524 ms - 6[0m
[0mDELETE /litable/delete?id=6568bf4b10de7f49a0d92cb7 [32m204[0m 66.986 ms - -[0m
[0mGET /litable/display?page=1 [32m200[0m 58.764 ms - 242[0m
[0mGET /litable/display?page=1 [36m304[0m 69.670 ms - -[0m
[0mGET /litable/display?page=1 [36m304[0m 68.940 ms - -[0m
[0mGET /litable/display?page=1 [36m304[0m 61.478 ms - -[0m
[0mGET /litable/display?page=1 [36m304[0m 74.581 ms - -[0m
[0mGET /litable/display?page=1 [36m304[0m 59.453 ms - -[0m
[0mOPTIONS /litable/delete?id=6568bd0641b925ce0a47c676 [32m200[0m 0.352 ms - 6[0m
[0mDELETE /litable/delete?id=6568bd0641b925ce0a47c676 [32m204[0m 44.671 ms - -[0m
[0mGET /litable/display?page=1 [32m200[0m 75.388 ms - 73[0m
[0mGET /litable/display?page=1 [36m304[0m 68.290 ms - -[0m
[0mGET /litable/display?page=1 [36m304[0m 103.560 ms - -[0m
[0mGET /litable/display?page=1 [36m304[0m 68.049 ms - -[0m
[0mGET /litable/display?page=1 [36m304[0m 70.737 ms - -[0m
[0mGET /litable/display?page=1 [36m304[0m 70.507 ms - -[0m
[0mGET /litable/display?page=1 [36m304[0m 64.449 ms - -[0m
[0mGET /litable/display?page=1 [36m304[0m 62.801 ms - -[0m
[0mGET /litable/display?page=1 [36m304[0m 68.385 ms - -[0m
[0mGET /litable/display?page=1 [36m304[0m 68.440 ms - -[0m
[0mGET /litable/display?page=1 [36m304[0m 57.356 ms - -[0m
[0mGET /litable/display?page=1 [36m304[0m 83.656 ms - -[0m
[0mGET /litable/display?page=1 [36m304[0m 60.912 ms - -[0m
[0mGET /litable/display?page=1 [36m304[0m 72.484 ms - -[0m
[0mGET /litable/display?page=1 [36m304[0m 67.517 ms - -[0m
[0mGET /litable/display?page=1 [36m304[0m 62.262 ms - -[0m
[0mGET /litable/display?page=1 [36m304[0m 64.215 ms - -[0m
[0mGET /litable/display?page=1 [36m304[0m 69.298 ms - -[0m
[0mOPTIONS /litable/post [32m200[0m 0.501 ms - 4[0m
[0mPOST /litable/post [32m201[0m 72.917 ms - 93[0m
[0mGET /litable/display?page=1 [32m200[0m 61.908 ms - 236[0m
[0mGET /litable/display?page=1 [36m304[0m 62.109 ms - -[0m
[0mGET /litable/display?page=1 [36m304[0m 59.862 ms - -[0m
[0mGET /litable/display?page=1 [36m304[0m 85.630 ms - -[0m
[0mGET /litable/display?page=1 [36m304[0m 72.122 ms - -[0m
[0mGET /litable/display?page=1 [36m304[0m 61.762 ms - -[0m
[0mOPTIONS /litable/post [32m200[0m 0.550 ms - 4[0m
[0mPOST /litable/post [32m201[0m 54.056 ms - 96[0m
[0mGET /litable/display?page=1 [32m200[0m 62.950 ms - 403[0m
[0mGET /litable/display?page=1 [36m304[0m 75.212 ms - -[0m
[0mGET /litable/display?page=1 [36m304[0m 72.692 ms - -[0m
[0mGET /litable/display?page=1 [36m304[0m 73.277 ms - -[0m
[0mGET /litable/display?page=1 [36m304[0m 68.933 ms - -[0m
[0mGET /litable/display?page=1 [36m304[0m 72.059 ms - -[0m
[0mOPTIONS /litable/delete?id=657538ecc4a3ed4292cb3f43 [32m200[0m 0.370 ms - 6[0m
[0mDELETE /litable/delete?id=657538ecc4a3ed4292cb3f43 [32m204[0m 39.547 ms - -[0m
[0mGET /litable/display?page=1 [32m200[0m 68.035 ms - 236[0m
[0mGET /litable/display?page=1 [36m304[0m 64.414 ms - -[0m
[0mGET /litable/display?page=1 [36m304[0m 66.438 ms - -[0m
[0mGET /litable/display?page=1 [36m304[0m 69.982 ms - -[0m
[0mGET /litable/display?page=1 [36m304[0m 62.235 ms - -[0m
[0mGET /litable/display?page=1 [36m304[0m 69.496 ms - -[0m
[0mGET /litable/display?page=1 [36m304[0m 63.597 ms - -[0m
[0mGET /litable/display?page=1 [36m304[0m 66.408 ms - -[0m
[0mGET /litable/display?page=1 [36m304[0m 58.884 ms - -[0m
[0mOPTIONS /litable/post [32m200[0m 0.394 ms - 4[0m
[0mPOST /litable/post [32m201[0m 37.760 ms - 96[0m
[0mGET /litable/display?page=1 [32m200[0m 68.243 ms - 402[0m
[0mGET /litable/display?page=1 [36m304[0m 58.192 ms - -[0m
[0mGET /litable/display?page=1 [36m304[0m 62.989 ms - -[0m
[0mGET /litable/display?page=1 [36m304[0m 64.903 ms - -[0m
[0mGET /litable/display?page=1 [36m304[0m 63.047 ms - -[0m
[0mGET /litable/display?page=1 [36m304[0m 76.300 ms - -[0m
[0mOPTIONS /litable/delete?id=65753927c4a3ed4292cb3f64 [32m200[0m 0.389 ms - 6[0m
[0mDELETE /litable/delete?id=65753927c4a3ed4292cb3f64 [32m204[0m 40.967 ms - -[0m
[0mGET /litable/display?page=1 [32m200[0m 66.895 ms - 236[0m
[0mGET /litable/display?page=1 [36m304[0m 79.719 ms - -[0m
[0mGET /litable/display?page=1 [36m304[0m 73.755 ms - -[0m
[0mGET /litable/display?page=1 [36m304[0m 67.106 ms - -[0m
[0mGET /litable/display?page=1 [36m304[0m 59.872 ms - -[0m
[0mGET /litable/display?page=1 [36m304[0m 69.363 ms - -[0m
[0mGET /litable/display?page=1 [36m304[0m 69.661 ms - -[0m
[0mOPTIONS /litable/post [32m200[0m 0.331 ms - 4[0m
[0mPOST /litable/post [32m201[0m 47.194 ms - 96[0m
[0mGET /litable/display?page=1 [32m200[0m 64.638 ms - 402[0m
[0mGET /litable/display?page=1 [36m304[0m 71.794 ms - -[0m
[0mGET /litable/display?page=1 [36m304[0m 64.884 ms - -[0m
[0mGET /litable/display?page=1 [36m304[0m 78.160 ms - -[0m
[0mGET /litable/display?page=1 [36m304[0m 83.153 ms - -[0m
[0mGET /litable/display?page=1 [36m304[0m 61.960 ms - -[0m
[0mOPTIONS /litable/delete?id=65753990c4a3ed4292cb3f81 [32m200[0m 1.295 ms - 6[0m
[0mDELETE /litable/delete?id=65753990c4a3ed4292cb3f81 [32m204[0m 39.007 ms - -[0m
[0mGET /litable/display?page=1 [32m200[0m 64.281 ms - 236[0m
[0mGET /litable/display?page=1 [36m304[0m 61.931 ms - -[0m
[0mGET /litable/display?page=1 [36m304[0m 71.337 ms - -[0m
[0mGET /litable/display?page=1 [36m304[0m 69.943 ms - -[0m
[0mGET /litable/display?page=1 [36m304[0m 159.227 ms - -[0m
[0mGET /litable/display?page=1 [36m304[0m 67.472 ms - -[0m
[0mGET /litable/display?page=1 [36m304[0m 70.122 ms - -[0m
[0mGET /litable/display?page=1 [36m304[0m 71.970 ms - -[0m
[0mGET /litable/display?page=1 [36m304[0m 69.584 ms - -[0m
[0mGET /litable/display?page=1 [36m304[0m 60.793 ms - -[0m
[0mGET /litable/getLitableById?byId=657538d7c4a3ed4292cb3f35 [32m200[0m 51.255 ms - 163[0m
[0mGET /litable/getLitableById?byId=657538d7c4a3ed4292cb3f35 [36m304[0m 32.798 ms - -[0m
[0mGET /litable/display?page=1 [36m304[0m 79.533 ms - -[0m
[0mGET /litable/display?page=1 [36m304[0m 62.990 ms - -[0m
[0mGET /litable/display?page=1 [36m304[0m 69.646 ms - -[0m
[0mGET /litable/display?page=1 [36m304[0m 63.224 ms - -[0m
[0mGET /litable/display?page=1 [36m304[0m 73.384 ms - -[0m
[0mGET /litable/display?page=1 [36m304[0m 76.036 ms - -[0m
[0mGET /litable/display?page=1 [36m304[0m 106.975 ms - -[0m
[0mGET /litable/display?page=1 [36m304[0m 214.386 ms - -[0m
[0mGET /litable/display?page=1 [36m304[0m 77.560 ms - -[0m
[0mGET /litable/display?page=1 [36m304[0m 99.884 ms - -[0m
[0mGET /litable/display?page=1 [36m304[0m 82.436 ms - -[0m
[0mGET /litable/display?page=1 [36m304[0m 80.797 ms - -[0m
[0mGET /litable/getLitableById?byId=657538d7c4a3ed4292cb3f35 [36m304[0m 68.063 ms - -[0m
[0mGET /litable/getLitableById?byId=657538d7c4a3ed4292cb3f35 [36m304[0m 42.298 ms - -[0m
[0mGET /litable/getLitableById?byId=657538d7c4a3ed4292cb3f35 [36m304[0m 38.672 ms - -[0m
[0mGET /litable/getLitableById?byId=657538d7c4a3ed4292cb3f35 [36m304[0m 41.496 ms - -[0m
[0mGET /litable/getLitableById?byId=657538d7c4a3ed4292cb3f35 [36m304[0m 33.397 ms - -[0m
[0mGET /litable/getLitableById?byId=657538d7c4a3ed4292cb3f35 [36m304[0m 31.320 ms - -[0m
[0mGET /litable/getLitableById?byId=657538d7c4a3ed4292cb3f35 [36m304[0m 43.853 ms - -[0m
[0mGET /litable/display?page=1 [36m304[0m 74.371 ms - -[0m
[0mGET /litable/display?page=1 [36m304[0m 64.465 ms - -[0m
[0mGET /litable/display?page=1 [36m304[0m 63.024 ms - -[0m
[0mGET /litable/display?page=1 [36m304[0m 67.331 ms - -[0m
[0mGET /litable/display?page=1 [36m304[0m 64.885 ms - -[0m
[0mGET /litable/display?page=1 [36m304[0m 63.194 ms - -[0m
[0mGET /litable/getLitableById?byId=657538d7c4a3ed4292cb3f35 [36m304[0m 34.174 ms - -[0m
[0mGET /litable/getLitableById?byId=657538d7c4a3ed4292cb3f35 [36m304[0m 32.411 ms - -[0m
[0mGET /litable/getLitableById?byId=657538d7c4a3ed4292cb3f35 [36m304[0m 68.097 ms - -[0m
[0mGET /litable/getLitableById?byId=657538d7c4a3ed4292cb3f35 [36m304[0m 38.271 ms - -[0m
[0mGET /litable/getLitableById?byId=657538d7c4a3ed4292cb3f35 [36m304[0m 32.763 ms - -[0m
[0mGET /litable/getLitableById?byId=657538d7c4a3ed4292cb3f35 [36m304[0m 52.503 ms - -[0m
[0mGET /litable/getLitableById?byId=657538d7c4a3ed4292cb3f35 [36m304[0m 32.506 ms - -[0m
[0mGET /litable/display?page=1 [36m304[0m 64.452 ms - -[0m
[0mGET /litable/display?page=1 [36m304[0m 88.015 ms - -[0m
[0mGET /litable/display?page=1 [36m304[0m 66.495 ms - -[0m
[0mGET /litable/display?page=1 [36m304[0m 65.107 ms - -[0m
[0mGET /litable/display?page=1 [36m304[0m 62.653 ms - -[0m
[0mGET /litable/display?page=1 [36m304[0m 65.410 ms - -[0m
[0mGET /litable/getLitableById?byId=657538d7c4a3ed4292cb3f35 [36m304[0m 39.547 ms - -[0m
[0mGET /litable/getLitableById?byId=657538d7c4a3ed4292cb3f35 [36m304[0m 32.803 ms - -[0m
[0mGET /litable/getLitableById?byId=657538d7c4a3ed4292cb3f35 [36m304[0m 33.511 ms - -[0m
[0mGET /litable/getLitableById?byId=657538d7c4a3ed4292cb3f35 [36m304[0m 31.408 ms - -[0m
[0mGET /litable/getLitableById?byId=657538d7c4a3ed4292cb3f35 [36m304[0m 37.082 ms - -[0m
[0mGET /litable/getLitableById?byId=657538d7c4a3ed4292cb3f35 [36m304[0m 33.000 ms - -[0m
[0mGET /litable/getLitableById?byId=657538d7c4a3ed4292cb3f35 [36m304[0m 34.522 ms - -[0m
[0mGET /litable/getLitableById?byId=657538d7c4a3ed4292cb3f35 [36m304[0m 32.298 ms - -[0m
[0mGET /litable/getLitableById?byId=657538d7c4a3ed4292cb3f35 [36m304[0m 34.863 ms - -[0m
[0mGET /litable/getLitableById?byId=657538d7c4a3ed4292cb3f35 [36m304[0m 33.547 ms - -[0m
[0mGET /litable/getLitableById?byId=657538d7c4a3ed4292cb3f35 [36m304[0m 30.750 ms - -[0m
[0mGET /litable/getLitableById?byId=657538d7c4a3ed4292cb3f35 [36m304[0m 30.518 ms - -[0m
[0mOPTIONS /litable/update [32m200[0m 13.247 ms - 3[0m
[0mPUT /litable/update [32m204[0m 76.468 ms - -[0m
[0mGET /litable/display?page=1 [32m200[0m 67.279 ms - 237[0m
[0mGET /litable/display?page=1 [36m304[0m 77.712 ms - -[0m
[0mGET /litable/display?page=1 [36m304[0m 69.661 ms - -[0m
[0mGET /litable/display?page=1 [36m304[0m 65.727 ms - -[0m
[0mGET /litable/display?page=1 [36m304[0m 62.147 ms - -[0m
[0mGET /litable/display?page=1 [36m304[0m 59.756 ms - -[0m
[0mGET /litable/getLitableById?byId=657538d7c4a3ed4292cb3f35 [32m200[0m 32.960 ms - 164[0m
[0mGET /litable/getLitableById?byId=657538d7c4a3ed4292cb3f35 [36m304[0m 29.752 ms - -[0m
[0mOPTIONS /litable/update [32m200[0m 0.549 ms - 3[0m
[0mPUT /litable/update [32m204[0m 34.525 ms - -[0m
[0mGET /litable/display?page=1 [36m304[0m 69.816 ms - -[0m
[0mGET /litable/display?page=1 [36m304[0m 62.766 ms - -[0m
[0mGET /litable/display?page=1 [36m304[0m 67.285 ms - -[0m
[0mGET /litable/display?page=1 [36m304[0m 69.836 ms - -[0m
[0mGET /litable/display?page=1 [36m304[0m 64.509 ms - -[0m
[0mGET /litable/display?page=1 [36m304[0m 65.110 ms - -[0m
[0mGET /litable/getLitableById?byId=657538d7c4a3ed4292cb3f35 [36m304[0m 46.144 ms - -[0m
[0mGET /litable/getLitableById?byId=657538d7c4a3ed4292cb3f35 [36m304[0m 31.571 ms - -[0m
[0mGET /litable/getLitableById?byId=657538d7c4a3ed4292cb3f35 [36m304[0m 36.456 ms - -[0m
[0mGET /litable/display?page=1 [36m304[0m 65.216 ms - -[0m
[0mGET /litable/display?page=1 [36m304[0m 62.665 ms - -[0m
[0mGET /litable/display?page=1 [36m304[0m 62.695 ms - -[0m
[0mGET /litable/display?page=1 [36m304[0m 71.905 ms - -[0m
[0mGET /litable/display?page=1 [36m304[0m 63.540 ms - -[0m
[0mGET /litable/display?page=1 [36m304[0m 58.640 ms - -[0m
[0mOPTIONS /litable/post [32m200[0m 2.381 ms - 4[0m
[0mPOST /litable/post [32m201[0m 114.246 ms - 113[0m
[0mGET /litable/display?page=1 [32m200[0m 63.725 ms - 421[0m
[0mGET /litable/display?page=1 [36m304[0m 70.873 ms - -[0m
[0mGET /litable/display?page=1 [36m304[0m 63.795 ms - -[0m
[0mGET /litable/display?page=1 [36m304[0m 61.230 ms - -[0m
[0mGET /litable/display?page=1 [36m304[0m 62.254 ms - -[0m
[0mGET /litable/display?page=1 [36m304[0m 62.345 ms - -[0m
[0mGET /litable/display?page=1 [36m304[0m 80.732 ms - -[0m
[0mOPTIONS /litable/post [32m200[0m 0.350 ms - 4[0m
[0mPOST /litable/post [32m201[0m 36.819 ms - 108[0m
[0mGET /litable/display?page=1 [32m200[0m 72.537 ms - 599[0m
[0mGET /litable/display?page=1 [36m304[0m 60.367 ms - -[0m
[0mGET /litable/display?page=1 [36m304[0m 79.476 ms - -[0m
[0mGET /litable/display?page=1 [36m304[0m 65.146 ms - -[0m
[0mGET /litable/display?page=1 [36m304[0m 60.443 ms - -[0m
[0mGET /litable/display?page=1 [36m304[0m 67.150 ms - -[0m
[0mOPTIONS /litable/delete?id=65826e5cd259a06ecb7d19aa [32m200[0m 0.280 ms - 6[0m
[0mDELETE /litable/delete?id=65826e5cd259a06ecb7d19aa [32m204[0m 43.677 ms - -[0m
[0mGET /litable/display?page=1 [32m200[0m 68.063 ms - 421[0m
[0mGET /litable/display?page=1 [36m304[0m 69.357 ms - -[0m
[0mGET /litable/display?page=1 [32m200[0m 85.545 ms - 421[0m
